"C:\Program Files\JetBrains\CLion 2021.2.1\bin\cmake\win\bin\cmake.exe" -DCMAKE_BUILD_TYPE=Debug -DCMAKE_DEPENDS_USE_COMPILER=FALSE -G "CodeBlocks - MinGW Makefiles" C:\Users\Роман\Desktop\Labs\LABA7
-- The C compiler identification is GNU 8.1.0
-- The CXX compiler identification is GNU 8.1.0
-- Detecting C compiler ABI info
-- Detecting C compiler ABI info - done
-- Check for working C compiler: C:/Program Files/mingw-w64/x86_64-8.1.0-posix-seh-rt_v6-rev0/mingw64/bin/gcc.exe - skipped
-- Detecting C compile features
-- Detecting C compile features - done
-- Detecting CXX compiler ABI info
-- Detecting CXX compiler ABI info - done
-- Check for working CXX compiler: C:/Program Files/mingw-w64/x86_64-8.1.0-posix-seh-rt_v6-rev0/mingw64/bin/g++.exe - skipped
-- Detecting CXX compile features
-- Detecting CXX compile features - done
CMake Error: Target DependInfo.cmake file not found
Creating directories for 'googletest-populate'
Error creating directory "C:/Users/в•ЁР°в”¬Р°в•ЁР°в•¤РҐв•ЁР°в•¤РЁв•ЁР°в”¬в–‘в•ЁР°в•ЁР•/Desktop/Labs/LABA7/cmake-build-debug/_deps/googletest-src".
mingw32-make.exe[2]: *** [CMakeFiles\googletest-populate.dir\build.make:110: googletest-populate-prefix/src/googletest-populate-stamp/googletest-populate-mkdir] Error 1
mingw32-make.exe[1]: *** [CMakeFiles\Makefile2:82: CMakeFiles/googletest-populate.dir/all] Error 2
mingw32-make.exe: *** [Makefile:90: all] Error 2

CMake Error at C:/Program Files/JetBrains/CLion 2021.2.1/bin/cmake/win/share/cmake-3.20/Modules/FetchContent.cmake:1012 (message):
  Build step for googletest failed: 2
Call Stack (most recent call first):
  C:/Program Files/JetBrains/CLion 2021.2.1/bin/cmake/win/share/cmake-3.20/Modules/FetchContent.cmake:1141:EVAL:2 (__FetchContent_directPopulate)
  C:/Program Files/JetBrains/CLion 2021.2.1/bin/cmake/win/share/cmake-3.20/Modules/FetchContent.cmake:1141 (cmake_language)
  C:/Program Files/JetBrains/CLion 2021.2.1/bin/cmake/win/share/cmake-3.20/Modules/FetchContent.cmake:1184 (FetchContent_Populate)
  tests/CMakeLists.txt:10 (FetchContent_MakeAvailable)


-- Configuring incomplete, errors occurred!
See also "C:/Users/Р РѕРјР°РЅ/Desktop/Labs/LABA7/cmake-build-debug/CMakeFiles/CMakeOutput.log".
